2015-05-03 19:13:02 - Starting C:\Program Files\nodejs\node.exe --harmony "C:\Users\Mikael Aspehed\AppData\Roaming\npm\node_modules\node-windows\lib\wrapper.js" -f "F:\Google Drive\Dokument\GitHub\TellstickNode\TellstickNode.js" -l "TellstickNode" -g 0.25 -w 1 -r 3 -a n
2015-05-03 19:13:02 - Started 6316
2015-05-03 19:16:26 - Starting C:\Program Files\nodejs\node.exe --harmony "C:\Users\Mikael Aspehed\AppData\Roaming\npm\node_modules\node-windows\lib\wrapper.js" -f "F:\Google Drive\Dokument\GitHub\TellstickNode\TellstickNode.js" -l "TellstickNode" -g 0.25 -w 1 -r 3 -a n
2015-05-03 19:16:26 - Started 5292
2015-05-03 19:21:08 - Stopping tellsticknode.exe
2015-05-03 19:21:08 - ProcessKill 5292
2015-05-03 19:21:08 - Finished tellsticknode.exe
2015-05-03 19:21:10 - Starting C:\Program Files\nodejs\node.exe --harmony "C:\Users\Mikael Aspehed\AppData\Roaming\npm\node_modules\node-windows\lib\wrapper.js" -f "F:\Google Drive\Dokument\GitHub\TellstickNode\TellstickNode.js" -l "TellstickNode" -g 0.25 -w 1 -r 3 -a n
2015-05-03 19:21:10 - Started 2716
2015-05-03 19:22:19 - Stopping tellsticknode.exe
2015-05-03 19:22:19 - ProcessKill 2716
2015-05-03 19:22:19 - Finished tellsticknode.exe
2015-05-03 19:22:21 - Starting C:\Program Files\nodejs\node.exe --harmony "C:\Users\Mikael Aspehed\AppData\Roaming\npm\node_modules\node-windows\lib\wrapper.js" -f "F:\Google Drive\Dokument\GitHub\TellstickNode\TellstickNode.js" -l "TellstickNode" -g 0.25 -w 1 -r 3 -a n
2015-05-03 19:22:21 - Started 4940
2015-05-03 19:24:58 - Stopping tellsticknode.exe
2015-05-03 19:24:58 - ProcessKill 4940
2015-05-03 19:24:58 - Finished tellsticknode.exe
2015-05-03 19:24:59 - Starting C:\Program Files\nodejs\node.exe --harmony "C:\Users\Mikael Aspehed\AppData\Roaming\npm\node_modules\node-windows\lib\wrapper.js" -f "F:\Google Drive\Dokument\GitHub\TellstickNode\TellstickNode.js" -l "TellstickNode" -g 0.25 -w 1 -r 3 -a n
2015-05-03 19:24:59 - Started 6964
2015-05-03 19:35:42 - Stopping tellsticknode.exe
2015-05-03 19:35:42 - ProcessKill 6964
2015-05-03 19:35:42 - Finished tellsticknode.exe
2015-05-03 19:35:43 - Starting C:\Program Files\nodejs\node.exe --harmony "C:\Users\Mikael Aspehed\AppData\Roaming\npm\node_modules\node-windows\lib\wrapper.js" -f "F:\Google Drive\Dokument\GitHub\TellstickNode\TellstickNode.js" -l "TellstickNode" -g 0.25 -w 1 -r 3 -a n
2015-05-03 19:35:44 - Started 5612
