fs.js:796
  return binding.lstat(pathModule._makeLong(path));
                 ^
Error: EPERM, operation not permitted 'F:\Google Drive'
    at Error (native)
    at Object.fs.lstatSync (fs.js:796:18)
    at Object.realpathSync (fs.js:1387:21)
    at tryFile (module.js:135:15)
    at Function.Module._findPath (module.js:174:18)
    at Function.Module._resolveFilename (module.js:334:25)
    at Function.Module._load (module.js:278:25)
    at Function.Module.runMain (module.js:501:10)
    at startup (node.js:129:16)
    at node.js:814:3
fs.js:796
  return binding.lstat(pathModule._makeLong(path));
                 ^
Error: EPERM, operation not permitted 'F:\Google Drive'
    at Error (native)
    at Object.fs.lstatSync (fs.js:796:18)
    at Object.realpathSync (fs.js:1387:21)
    at tryFile (module.js:135:15)
    at Function.Module._findPath (module.js:174:18)
    at Function.Module._resolveFilename (module.js:334:25)
    at Function.Module._load (module.js:278:25)
    at Function.Module.runMain (module.js:501:10)
    at startup (node.js:129:16)
    at node.js:814:3
fs.js:796
  return binding.lstat(pathModule._makeLong(path));
                 ^
Error: EPERM, operation not permitted 'F:\Google Drive'
    at Error (native)
    at Object.fs.lstatSync (fs.js:796:18)
    at Object.realpathSync (fs.js:1387:21)
    at tryFile (module.js:135:15)
    at Function.Module._findPath (module.js:174:18)
    at Function.Module._resolveFilename (module.js:334:25)
    at Function.Module._load (module.js:278:25)
    at Function.Module.runMain (module.js:501:10)
    at startup (node.js:129:16)
    at node.js:814:3
